Diagnose log at 2024-06-15T21:50:20Z

AppPath: C:\Program Files (x86)\Git\mingw32\bin\git-credential-manager.exe
InstallDir: C:\Program Files (x86)\Git\mingw32\bin\
Version: 2.1.2

------------
Diagnostic: Environment
Skipped: False
Success: True
Exception: None
Log:
OSType: Windows
OSVersion: 10.0 (build 22631)
Reading environment variables... OK
 Variables:
HOMEPATH=\Users\abyg7
DriverData=C:\Windows\System32\Drivers\DriverData
COMPUTERNAME=DESKTOP-4AEQ1FM
GIT_TRACE2_PARENT_SID=58ac20c2-5cdc-4c4f-a6b4-5eb0fb6779d7
CommonProgramFiles(x86)=C:\Program Files (x86)\Common Files
OneDrive=C:\Users\abyg7\OneDrive
LANG=en_US.UTF-8
TMP=C:\Users\abyg7\AppData\Local\Temp
HOME=C:\Users\abyg7
PROCESSOR_REVISION=2102
PATHEXT=.COM;.EXE;.BAT;.CMD;.VBS;.VBE;.JS;.JSE;.WSF;.WSH;.MSC;.CPL
VSCODE_INJECTION=1
GIT_ASKPASS=c:\Users\abyg7\AppData\Local\Programs\Microsoft VS Code\resources\app\extensions\git\dist\askpass.sh
GIT_EXEC_PATH=C:/Program Files (x86)/Git/mingw32/libexec/git-core
TEMP=C:\Users\abyg7\AppData\Local\Temp
LOCALAPPDATA=C:\Users\abyg7\AppData\Local
MSYSTEM=MINGW32
TERM=xterm-256color
PROCESSOR_IDENTIFIER=AMD64 Family 25 Model 33 Stepping 2, AuthenticAMD
COLORTERM=truecolor
USERDOMAIN=DESKTOP-4AEQ1FM
ProgramFiles(x86)=C:\Program Files (x86)
Path=C:/Program Files (x86)/Git/mingw32/libexec/git-core;C:\Program Files (x86)\Git\mingw32\bin;C:\Program Files (x86)\Git\usr\bin;C:\Users\abyg7\bin;C:\Program Files\Eclipse Adoptium\jdk-17.0.8.7-hotspot\bin;C:\Program Files (x86)\Common Files\Oracle\Java\javapath;C:\Program Files (x86)\Razer Chroma SDK\bin;C:\Program Files\Razer Chroma SDK\bin;C:\Program Files (x86)\Razer\ChromaBroadcast\bin;C:\Program Files\Razer\ChromaBroadcast\bin;C:\Windows\system32;C:\Windows;C:\Windows\System32\Wbem;C:\Windows\System32\WindowsPowerShell\v1.0\;C:\Windows\System32\OpenSSH\;C:\Windows\system32\config\systemprofile\AppData\Local\Microsoft\WindowsApps;C:\WINDOWS\system32;C:\WINDOWS;C:\WINDOWS\System32\Wbem;C:\WINDOWS\System32\WindowsPowerShell\v1.0\;C:\WINDOWS\System32\OpenSSH\;C:\Program Files\nodejs\;C:\Program Files (x86)\Git\cmd;C:\Program Files\dotnet\;C:\Users\abyg7\AppData\Local\Microsoft\WindowsApps;C:\Users\abyg7\AppData\Local\Programs\Microsoft VS Code\bin;C:\Users\abyg7\AppData\Local\GitHubDesktop\bin;C:\ProgramData\abyg7\GitHubDesktop\bin;C:\Users\abyg7\AppData\Roaming\npm;C:\Users\abyg7\.dotnet\tools;
TERM_PROGRAM=vscode
PROCESSOR_LEVEL=25
NUMBER_OF_PROCESSORS=12
TMPDIR=C:\Users\abyg7\AppData\Local\Temp
VSCODE_GIT_ASKPASS_EXTRA_ARGS=
TERM_PROGRAM_VERSION=1.90.1
VSCODE_GIT_ASKPASS_MAIN=c:\Users\abyg7\AppData\Local\Programs\Microsoft VS Code\resources\app\extensions\git\dist\askpass-main.js
PSModulePath=C:\Users\abyg7\OneDrive\Documents\WindowsPowerShell\Modules;C:\Program Files\WindowsPowerShell\Modules;C:\WINDOWS\system32\WindowsPowerShell\v1.0\Modules
QT_SCALE_FACTOR_ROUNDING_POLICY=RoundPreferFloor
VSCODE_GIT_IPC_HANDLE=\\.\pipe\vscode-git-c7d02aa303-sock
FPS_BROWSER_USER_PROFILE_STRING=Default
CommonProgramFiles=C:\Program Files (x86)\Common Files
__PSLockDownPolicy=0
CHROME_CRASHPAD_PIPE_NAME=\\.\pipe\crashpad_19860_VVXIMVZZQPSJYGCN
asl.log=Destination=file
PLINK_PROTOCOL=ssh
ProgramData=C:\ProgramData
ProgramW6432=C:\Program Files
ProgramFiles=C:\Program Files (x86)
VSCODE_GIT_ASKPASS_NODE=C:\Users\abyg7\AppData\Local\Programs\Microsoft VS Code\Code.exe
SystemRoot=C:\WINDOWS
ORIGINAL_XDG_CURRENT_DESKTOP=undefined
PUBLIC=C:\Users\Public
SESSIONNAME=Console
CommonProgramW6432=C:\Program Files\Common Files
LOGONSERVER=\\DESKTOP-4AEQ1FM
USERPROFILE=C:\Users\abyg7
USERDOMAIN_ROAMINGPROFILE=DESKTOP-4AEQ1FM
APPDATA=C:\Users\abyg7\AppData\Roaming
HOMEDRIVE=C:
USERNAME=abyg7
PROCESSOR_ARCHITEW6432=AMD64
FPS_BROWSER_APP_PROFILE_STRING=Internet Explorer
PROCESSOR_ARCHITECTURE=x86
EFC_11076=1
OS=Windows_NT
ComSpec=C:\WINDOWS\system32\cmd.exe
SystemDrive=C:
windir=C:\WINDOWS
OneDriveConsumer=C:\Users\abyg7\OneDrive
ALLUSERSPROFILE=C:\ProgramData


------------
Diagnostic: File system
Skipped: False
Success: True
Exception: None
Log:
Temporary directory is 'C:\Users\abyg7\AppData\Local\Temp\'...
Checking basic file I/O...
Writing to temporary file 'C:\Users\abyg7\AppData\Local\Temp\8fc74ae59ee6303155a5dee3'... OK
Reading from temporary file 'C:\Users\abyg7\AppData\Local\Temp\8fc74ae59ee6303155a5dee3'... OK
Deleting temporary file 'C:\Users\abyg7\AppData\Local\Temp\8fc74ae59ee6303155a5dee3'... OK
Testing IFileSystem instance...
UserHomePath: C:\Users\abyg7
UserDataDirectoryPath: C:\Users\abyg7\.gcm
GetCurrentDirectory(): L:\Code\Easy-Eats

------------
Diagnostic: Networking
Skipped: False
Success: True
Exception: None
Log:
Checking networking and HTTP stack...
Creating HTTP client... OK
IsNetworkAvailable: True
Sending HEAD request to http://example.com... OK
Sending HEAD request to https://example.com... OK
Acquiring free TCP port... OK
Testing local HTTP loopback connections...
Creating new HTTP listener for http://localhost:55515/... OK
Waiting for loopback connection... OK
Writing response... OK
Waiting for response data... OK
Loopback connection data OK

------------
Diagnostic: Git
Skipped: False
Success: True
Exception: None
Log:
Getting Git version... OK
Git version is '2.41.0.windows.1'
Locating current repository... OK
Git repository at 'L:/Code/Easy-Eats/.git'
Listing all Git configuration... OK
Git configuration:
file:C:/Program Files (x86)/Git/etc/gitconfig	pack.packsizelimit=2g
file:C:/Program Files (x86)/Git/etc/gitconfig	diff.astextplain.textconv=astextplain
file:C:/Program Files (x86)/Git/etc/gitconfig	filter.lfs.clean=git-lfs clean -- %f
file:C:/Program Files (x86)/Git/etc/gitconfig	filter.lfs.smudge=git-lfs smudge -- %f
file:C:/Program Files (x86)/Git/etc/gitconfig	filter.lfs.process=git-lfs filter-process
file:C:/Program Files (x86)/Git/etc/gitconfig	filter.lfs.required=true
file:C:/Program Files (x86)/Git/etc/gitconfig	http.sslbackend=openssl
file:C:/Program Files (x86)/Git/etc/gitconfig	http.sslcainfo=C:/Program Files (x86)/Git/mingw32/etc/ssl/certs/ca-bundle.crt
file:C:/Program Files (x86)/Git/etc/gitconfig	core.autocrlf=true
file:C:/Program Files (x86)/Git/etc/gitconfig	core.fscache=true
file:C:/Program Files (x86)/Git/etc/gitconfig	core.symlinks=false
file:C:/Program Files (x86)/Git/etc/gitconfig	pull.rebase=false
file:C:/Program Files (x86)/Git/etc/gitconfig	credential.helper=manager
file:C:/Program Files (x86)/Git/etc/gitconfig	credential.https://dev.azure.com.usehttppath=true
file:C:/Program Files (x86)/Git/etc/gitconfig	init.defaultbranch=master
file:C:/Users/abyg7/.gitconfig	filter.lfs.clean=git-lfs clean -- %f
file:C:/Users/abyg7/.gitconfig	filter.lfs.smudge=git-lfs smudge -- %f
file:C:/Users/abyg7/.gitconfig	filter.lfs.process=git-lfs filter-process
file:C:/Users/abyg7/.gitconfig	filter.lfs.required=true
file:C:/Users/abyg7/.gitconfig	user.name=aby-garcia
file:C:/Users/abyg7/.gitconfig	user.email=aby.garcia2554@gmail.com
file:.git/config	core.repositoryformatversion=0
file:.git/config	core.filemode=false
file:.git/config	core.bare=false
file:.git/config	core.logallrefupdates=true
file:.git/config	core.symlinks=false
file:.git/config	core.ignorecase=true
file:.git/config	remote.origin.url=https://github.com/aby-garcia/Easy-Eats.git
file:.git/config	remote.origin.fetch=+refs/heads/*:refs/remotes/origin/*
file:.git/config	branch.main.remote=origin
file:.git/config	branch.main.merge=refs/heads/main


------------
Diagnostic: Credential storage
Skipped: False
Success: True
Exception: None
Log:
ICredentialStore instance is of type: CredentialStore
Writing test credential... OK
Reading test credential... OK
Deleting test credential... OK

------------
Diagnostic: Microsoft authentication (AAD/MSA)
Skipped: False
Success: True
Exception: None
Log:
Broker is not enabled.
Flow type is: Auto
Gathering MSAL token cache data... OK
CacheDirectory: C:\Users\abyg7\AppData\Local\.IdentityService
CacheFileName: msal.cache
CacheFilePath: C:\Users\abyg7\AppData\Local\.IdentityService\msal.cache
Creating cache helper... OK
Verifying MSAL token cache persistence... OK

------------
Diagnostic: GitHub API
Skipped: False
Success: True
Exception: None
Log:
Using 'https://github.com/' as API target.
Querying '/meta' endpoint... OK

